<?xml version="1.0" encoding="UTF-8" ?>
<testsuite errors="0" failures="0" hostname="Marcin-Laptop" name="org.impressivecode.depress.scm.svn.test.structural.SVNLogLoaderTest" tests="3" time="0.063" timestamp="2013-03-20T02:40:19">
  <properties>
[...]
</properties>
  <testcase classname="org.impressivecode.depress.scm.svn.test.structural.SVNLogLoaderTest" name="testLoadXmlPackage" time="0.016" />
  <testcase classname="org.impressivecode.depress.scm.svn.test.structural.SVNLogLoaderTest" name="testLoadXmlPath" time="0.0" />
  <testcase classname="org.impressivecode.depress.scm.svn.test.structural.SVNLogLoaderTest" name="testLoadXmlIssue" time="0.0" />
  <system-out><![CDATA[]]></system-out>
  <system-err><![CDATA[]]></system-err>
</testsuite>
