<?xml version="1.0" encoding="UTF-8" ?>
<testsuite errors="1" failures="0" hostname="Marcin-Laptop" name="org.impressivecode.depress.scm.svn.test.functional.StructuralTestSuit" tests="1" time="0.0" timestamp="2013-03-30T13:56:49">
  <properties>
[...]
</properties>
  <error message="org.impressivecode.depress.scm.svn.test.functional.StructuralTestSuit" type="java.lang.ClassNotFoundException">java.lang.ClassNotFoundException: org.impressivecode.depress.scm.svn.test.functional.StructuralTestSuit
	at java.net.URLClassLoader$1.run(URLClassLoader.java:366)
	at java.net.URLClassLoader$1.run(URLClassLoader.java:355)
	at java.security.AccessController.doPrivileged(Native Method)
	at java.net.URLClassLoader.findClass(URLClassLoader.java:354)
	at java.lang.ClassLoader.loadClass(ClassLoader.java:423)
	at sun.misc.Launcher$AppClassLoader.loadClass(Launcher.java:308)
	at java.lang.ClassLoader.loadClass(ClassLoader.java:356)
	at java.lang.Class.forName0(Native Method)
	at java.lang.Class.forName(Class.java:186)
</error>
  <system-out><![CDATA[]]></system-out>
  <system-err><![CDATA[]]></system-err>
</testsuite>
